<?xml version="1.0" encoding="UTF-8"?>
<testng-results ignored="0" total="1" passed="1" failed="0" skipped="0">
  <reporter-output>
  </reporter-output>
  <suite started-at="2024-03-03T01:04:55 IST" name="Default suite" finished-at="2024-03-03T01:04:57 IST" duration-ms="2794">
    <groups>
    </groups>
    <test started-at="2024-03-03T01:04:55 IST" name="Default test" finished-at="2024-03-03T01:04:57 IST" duration-ms="2794">
      <class name="restAssuredTest.demoGetRequest">
        <test-method signature="getWeatherDetails()[pri:0, instance:restAssuredTest.demoGetRequest@41d477ed]" started-at="2024-03-03T01:04:55 IST" name="getWeatherDetails" finished-at="2024-03-03T01:04:57 IST" duration-ms="2748" status="PASS">
          <reporter-output>
          </reporter-output>
        </test-method> <!-- getWeatherDetails -->
      </class> <!-- restAssuredTest.demoGetRequest -->
    </test> <!-- Default test -->
  </suite> <!-- Default suite -->
</testng-results>
